\BOOKMARK [0][-]{chapter.1}{\376\377\000A\000c\000t\000i\000o\000\040\000P\000y\000t\000h\000o\000n\000\040\000U\000t\000i\000l\000s}{}% 1
\BOOKMARK [1][-]{section.1.1}{\376\377\000F\000e\000a\000t\000u\000r\000e\000s}{chapter.1}% 2
\BOOKMARK [0][-]{chapter.2}{\376\377\000I\000n\000s\000t\000a\000l\000l\000a\000t\000i\000o\000n}{}% 3
\BOOKMARK [1][-]{section.2.1}{\376\377\000S\000t\000a\000b\000l\000e\000\040\000r\000e\000l\000e\000a\000s\000e}{chapter.2}% 4
\BOOKMARK [1][-]{section.2.2}{\376\377\000F\000r\000o\000m\000\040\000s\000o\000u\000r\000c\000e\000s}{chapter.2}% 5
\BOOKMARK [0][-]{chapter.3}{\376\377\000U\000s\000a\000g\000e}{}% 6
\BOOKMARK [0][-]{chapter.4}{\376\377\000A\000P\000I}{}% 7
\BOOKMARK [1][-]{section.4.1}{\376\377\000a\000c\000t\000i\000o\000\137\000p\000y\000t\000h\000o\000n\000\137\000u\000t\000i\000l\000s}{chapter.4}% 8
\BOOKMARK [2][-]{subsection.4.1.1}{\376\377\000a\000c\000t\000i\000o\000\137\000p\000y\000t\000h\000o\000n\000\137\000u\000t\000i\000l\000s\000.\000a\000c\000t\000i\000o\000\137\000p\000y\000t\000h\000o\000n\000\137\000u\000t\000i\000l\000s}{section.4.1}% 9
\BOOKMARK [2][-]{subsection.4.1.2}{\376\377\000a\000c\000t\000i\000o\000\137\000p\000y\000t\000h\000o\000n\000\137\000u\000t\000i\000l\000s\000.\000a\000r\000g\000p\000a\000r\000s\000e\000\137\000f\000u\000n\000c\000t\000i\000o\000n\000s}{section.4.1}% 10
\BOOKMARK [2][-]{subsection.4.1.3}{\376\377\000a\000c\000t\000i\000o\000\137\000p\000y\000t\000h\000o\000n\000\137\000u\000t\000i\000l\000s\000.\000c\000l\000i}{section.4.1}% 11
\BOOKMARK [2][-]{subsection.4.1.4}{\376\377\000a\000c\000t\000i\000o\000\137\000p\000y\000t\000h\000o\000n\000\137\000u\000t\000i\000l\000s\000.\000d\000a\000t\000a\000b\000a\000s\000e\000\137\000f\000u\000n\000c\000t\000i\000o\000n\000s}{section.4.1}% 12
\BOOKMARK [2][-]{subsection.4.1.5}{\376\377\000a\000c\000t\000i\000o\000\137\000p\000y\000t\000h\000o\000n\000\137\000u\000t\000i\000l\000s\000.\000l\000o\000g\000g\000i\000n\000g\000\137\000f\000u\000n\000c\000t\000i\000o\000n\000s}{section.4.1}% 13
\BOOKMARK [2][-]{subsection.4.1.6}{\376\377\000a\000c\000t\000i\000o\000\137\000p\000y\000t\000h\000o\000n\000\137\000u\000t\000i\000l\000s\000.\000s\000p\000a\000r\000k\000\137\000f\000u\000n\000c\000t\000i\000o\000n\000s}{section.4.1}% 14
\BOOKMARK [2][-]{subsection.4.1.7}{\376\377\000a\000c\000t\000i\000o\000\137\000p\000y\000t\000h\000o\000n\000\137\000u\000t\000i\000l\000s\000.\000u\000t\000i\000l\000s}{section.4.1}% 15
\BOOKMARK [0][-]{chapter.5}{\376\377\000C\000o\000n\000t\000r\000i\000b\000u\000t\000i\000n\000g}{}% 16
\BOOKMARK [1][-]{section.5.1}{\376\377\000T\000y\000p\000e\000s\000\040\000o\000f\000\040\000C\000o\000n\000t\000r\000i\000b\000u\000t\000i\000o\000n\000s}{chapter.5}% 17
\BOOKMARK [2][-]{subsection.5.1.1}{\376\377\000R\000e\000p\000o\000r\000t\000\040\000B\000u\000g\000s}{section.5.1}% 18
\BOOKMARK [2][-]{subsection.5.1.2}{\376\377\000F\000i\000x\000\040\000B\000u\000g\000s}{section.5.1}% 19
\BOOKMARK [2][-]{subsection.5.1.3}{\376\377\000I\000m\000p\000l\000e\000m\000e\000n\000t\000\040\000F\000e\000a\000t\000u\000r\000e\000s}{section.5.1}% 20
\BOOKMARK [2][-]{subsection.5.1.4}{\376\377\000W\000r\000i\000t\000e\000\040\000D\000o\000c\000u\000m\000e\000n\000t\000a\000t\000i\000o\000n}{section.5.1}% 21
\BOOKMARK [2][-]{subsection.5.1.5}{\376\377\000S\000u\000b\000m\000i\000t\000\040\000F\000e\000e\000d\000b\000a\000c\000k}{section.5.1}% 22
\BOOKMARK [1][-]{section.5.2}{\376\377\000G\000e\000t\000\040\000S\000t\000a\000r\000t\000e\000d\000!}{chapter.5}% 23
\BOOKMARK [1][-]{section.5.3}{\376\377\000P\000u\000l\000l\000\040\000R\000e\000q\000u\000e\000s\000t\000\040\000G\000u\000i\000d\000e\000l\000i\000n\000e\000s}{chapter.5}% 24
\BOOKMARK [1][-]{section.5.4}{\376\377\000T\000i\000p\000s}{chapter.5}% 25
\BOOKMARK [1][-]{section.5.5}{\376\377\000D\000e\000p\000l\000o\000y\000i\000n\000g}{chapter.5}% 26
\BOOKMARK [0][-]{chapter.6}{\376\377\000C\000r\000e\000d\000i\000t\000s}{}% 27
\BOOKMARK [1][-]{section.6.1}{\376\377\000D\000e\000v\000e\000l\000o\000p\000m\000e\000n\000t\000\040\000L\000e\000a\000d}{chapter.6}% 28
\BOOKMARK [1][-]{section.6.2}{\376\377\000C\000o\000n\000t\000r\000i\000b\000u\000t\000o\000r\000s}{chapter.6}% 29
\BOOKMARK [0][-]{chapter.7}{\376\377\000H\000i\000s\000t\000o\000r\000y}{}% 30
\BOOKMARK [1][-]{section.7.1}{\376\377\0000\000.\0001\000.\0000\000\040\000\050\0002\0000\0002\0003\000-\0000\0006\000-\0002\0001\000\051}{chapter.7}% 31
\BOOKMARK [0][-]{chapter.8}{\376\377\000I\000n\000d\000i\000c\000e\000s\000\040\000a\000n\000d\000\040\000t\000a\000b\000l\000e\000s}{}% 32
\BOOKMARK [0][-]{section*.4}{\376\377\000P\000y\000t\000h\000o\000n\000\040\000M\000o\000d\000u\000l\000e\000\040\000I\000n\000d\000e\000x}{}% 33
\BOOKMARK [0][-]{section*.5}{\376\377\000I\000n\000d\000e\000x}{}% 34
